<?xml version="1.0" encoding="UTF-8"?>
<!-- Generated by org.testng.reporters.JUnitReportReporter -->
<testsuite hostname="NODE175" name="org.jenkins.maven.JenkinsTest2" tests="1" failures="0" timestamp="7 Nov 2014 09:51:13 GMT" time="0.002" errors="0">
  <testcase name="testJenkins" time="0.002" classname="org.jenkins.maven.JenkinsTest2"/>
</testsuite> <!-- org.jenkins.maven.JenkinsTest2 -->
