<?xml version="1.0" encoding="UTF-8"?>
<!-- Generated by org.testng.reporters.JUnitReportReporter -->
<testsuite hostname="NODE175" name="org.jenkins.JenkinsTest" tests="1" failures="0" timestamp="7 Nov 2014 08:39:52 GMT" time="0.013" errors="0">
  <testcase name="testJenkins" time="0.013" classname="org.jenkins.JenkinsTest"/>
</testsuite> <!-- org.jenkins.JenkinsTest -->
